<?xml version="1.0" encoding="UTF-8"?>
<!-- Generated by org.testng.reporters.JUnitXMLReporter -->
<testsuite hostname="JOBITO" failures="1" tests="1" name="Default test(failed)" time="0.047" errors="0" timestamp="25 Dec 2024 02:54:07 GMT">
  <testcase classname="Base.MathOPerations" name="abc" time="0.027">
    <failure type="java.lang.AssertionError" message="expected [true] but found [false]">
      <![CDATA[java.lang.AssertionError: expected [true] but found [false]
	at Base.MathOPerations.abc(MathOPerations.java:32)
... Removed 26 stack frames]]>
    </failure>
  </testcase> <!-- abc -->
</testsuite> <!-- Default test(failed) -->
