<?xml version="1.0" encoding="UTF-8"?>
<!-- Generated by org.testng.reporters.JUnitXMLReporter -->
<testsuite hostname="JOBITO" failures="0" tests="4" name="Default test" time="14.545" errors="0" timestamp="7 May 2025 01:26:05 GMT">
  <testcase classname="tests.LoginTest" name="abc" time="0.015"/>
  <testcase classname="tests.LoginTest" name="tc3Login" time="0.006"/>
  <testcase classname="tests.LoginTest" name="tc1Login" time="0.099"/>
  <testcase classname="tests.LoginTest" name="tc2Login" time="0.008"/>
</testsuite> <!-- Default test -->
