<?xml version="1.0" encoding="UTF-8"?>
<testng-results total="4" passed="4" failed="0" skipped="0">
  <reporter-output>
  </reporter-output>
  <suite started-at="2025-05-07T01:25:50Z" name="Default suite" finished-at="2025-05-07T01:26:05Z" duration-ms="14545">
    <groups>
    </groups>
    <test started-at="2025-05-07T01:25:50Z" name="Default test" finished-at="2025-05-07T01:26:05Z" duration-ms="14545">
      <class name="tests.LoginTest">
        <test-method is-config="true" signature="setup()[pri:0, instance:tests.LoginTest@548d708a]" started-at="2025-05-07T06:55:50Z" name="setup" finished-at="2025-05-07T06:55:53Z" duration-ms="3158" status="PASS">
          <reporter-output>
          </reporter-output>
        </test-method> <!-- setup -->
        <test-method signature="abc()[pri:0, instance:tests.LoginTest@548d708a]" started-at="2025-05-07T06:55:53Z" name="abc" finished-at="2025-05-07T06:55:53Z" duration-ms="15" status="PASS">
          <reporter-output>
          </reporter-output>
        </test-method> <!-- abc -->
        <test-method is-config="true" signature="setup()[pri:0, instance:tests.LoginTest@548d708a]" started-at="2025-05-07T06:55:53Z" name="setup" finished-at="2025-05-07T06:55:57Z" duration-ms="3066" status="PASS">
          <reporter-output>
          </reporter-output>
        </test-method> <!-- setup -->
        <test-method signature="tc3Login()[pri:0, instance:tests.LoginTest@548d708a]" started-at="2025-05-07T06:55:57Z" name="tc3Login" finished-at="2025-05-07T06:55:57Z" duration-ms="6" status="PASS">
          <reporter-output>
          </reporter-output>
        </test-method> <!-- tc3Login -->
        <test-method is-config="true" signature="setup()[pri:0, instance:tests.LoginTest@548d708a]" started-at="2025-05-07T06:55:57Z" name="setup" finished-at="2025-05-07T06:56:02Z" duration-ms="5010" status="PASS">
          <reporter-output>
          </reporter-output>
        </test-method> <!-- setup -->
        <test-method signature="tc1Login()[pri:0, instance:tests.LoginTest@548d708a]" started-at="2025-05-07T06:56:02Z" name="tc1Login" finished-at="2025-05-07T06:56:02Z" duration-ms="99" status="PASS">
          <reporter-output>
          </reporter-output>
        </test-method> <!-- tc1Login -->
        <test-method is-config="true" signature="setup()[pri:0, instance:tests.LoginTest@548d708a]" started-at="2025-05-07T06:56:02Z" name="setup" finished-at="2025-05-07T06:56:05Z" duration-ms="3144" status="PASS">
          <reporter-output>
          </reporter-output>
        </test-method> <!-- setup -->
        <test-method signature="tc2Login()[pri:0, instance:tests.LoginTest@548d708a]" started-at="2025-05-07T06:56:05Z" name="tc2Login" finished-at="2025-05-07T06:56:05Z" duration-ms="8" status="PASS">
          <reporter-output>
          </reporter-output>
        </test-method> <!-- tc2Login -->
      </class> <!-- tests.LoginTest -->
    </test> <!-- Default test -->
  </suite> <!-- Default suite -->
</testng-results>
